\BOOKMARK [1][-]{section.1}{\376\377\000.\000\040\000I\000n\000t\000r\000o\000d\000u\000c\000t\000i\000o\000n}{}% 1
\BOOKMARK [1][-]{section.2}{\376\377\000.\000\040\000M\000e\000t\000h\000o\000d}{}% 2
\BOOKMARK [2][-]{subsection.2.1}{\376\377\000.\000\040\000P\000r\000e\000d\000i\000c\000t\000i\000o\000n}{section.2}% 3
\BOOKMARK [2][-]{subsection.2.2}{\376\377\000.\000\040\000T\000r\000a\000i\000n\000i\000n\000g}{section.2}% 4
\BOOKMARK [2][-]{subsection.2.3}{\376\377\000.\000\040\000E\000v\000a\000l\000u\000a\000t\000i\000o\000n}{section.2}% 5
\BOOKMARK [2][-]{subsection.2.4}{\376\377\000.\000\040\000D\000a\000t\000a\000s\000e\000t}{section.2}% 6
\BOOKMARK [1][-]{section.3}{\376\377\000.\000\040\000E\000x\000p\000e\000r\000i\000m\000e\000n\000t\000s}{}% 7
\BOOKMARK [2][-]{subsection.3.1}{\376\377\000.\000\040\000B\000a\000s\000e\000l\000i\000n\000e}{section.3}% 8
\BOOKMARK [2][-]{subsection.3.2}{\376\377\000.\000\040\000A\000d\000d\000i\000n\000g\000\040\000a\000\040\000b\000i\000a\000s\000\040\000t\000e\000r\000m}{section.3}% 9
\BOOKMARK [2][-]{subsection.3.3}{\376\377\000.\000\040\000A\000d\000d\000e\000d\000\040\000L\0002\000\040\000R\000e\000g\000u\000l\000a\000r\000i\000s\000a\000t\000i\000o\000n}{section.3}% 10
\BOOKMARK [2][-]{subsection.3.4}{\376\377\000.\000\040\000T\000r\000a\000i\000n\000i\000n\000g\000\040\000f\000o\000r\000\040\000r\000e\000c\000a\000l\000l}{section.3}% 11
\BOOKMARK [1][-]{section.4}{\376\377\000.\000\040\000E\000x\000p\000e\000r\000i\000m\000e\000n\000t\000s}{}% 12
\BOOKMARK [1][-]{section.5}{\376\377\000.\000\040\000C\000o\000n\000c\000l\000u\000s\000i\000o\000n}{}% 13
\BOOKMARK [1][-]{section.6}{\376\377\000.\000\040\000I\000n\000t\000r\000o\000d\000u\000c\000t\000i\000o\000n}{}% 14
\BOOKMARK [2][-]{subsection.6.1}{\376\377\000.\000\040\000L\000a\000n\000g\000u\000a\000g\000e}{section.6}% 15
\BOOKMARK [2][-]{subsection.6.2}{\376\377\000.\000\040\000D\000u\000a\000l\000\040\000s\000u\000b\000m\000i\000s\000s\000i\000o\000n}{section.6}% 16
\BOOKMARK [2][-]{subsection.6.3}{\376\377\000.\000\040\000P\000a\000p\000e\000r\000\040\000l\000e\000n\000g\000t\000h}{section.6}% 17
\BOOKMARK [2][-]{subsection.6.4}{\376\377\000.\000\040\000T\000h\000e\000\040\000r\000u\000l\000e\000r}{section.6}% 18
\BOOKMARK [2][-]{subsection.6.5}{\376\377\000.\000\040\000P\000a\000p\000e\000r\000\040\000I\000D}{section.6}% 19
\BOOKMARK [2][-]{subsection.6.6}{\376\377\000.\000\040\000M\000a\000t\000h\000e\000m\000a\000t\000i\000c\000s}{section.6}% 20
\BOOKMARK [2][-]{subsection.6.7}{\376\377\000.\000\040\000B\000l\000i\000n\000d\000\040\000r\000e\000v\000i\000e\000w}{section.6}% 21
\BOOKMARK [2][-]{subsection.6.8}{\376\377\000.\000\040\000M\000i\000s\000c\000e\000l\000l\000a\000n\000e\000o\000u\000s}{section.6}% 22
\BOOKMARK [1][-]{section.7}{\376\377\000.\000\040\000F\000o\000r\000m\000a\000t\000t\000i\000n\000g\000\040\000y\000o\000u\000r\000\040\000p\000a\000p\000e\000r}{}% 23
\BOOKMARK [2][-]{subsection.7.1}{\376\377\000.\000\040\000M\000a\000r\000g\000i\000n\000s\000\040\000a\000n\000d\000\040\000p\000a\000g\000e\000\040\000n\000u\000m\000b\000e\000r\000i\000n\000g}{section.7}% 24
\BOOKMARK [2][-]{subsection.7.2}{\376\377\000.\000\040\000T\000y\000p\000e\000\040\000s\000t\000y\000l\000e\000\040\000a\000n\000d\000\040\000f\000o\000n\000t\000s}{section.7}% 25
\BOOKMARK [2][-]{subsection.7.3}{\376\377\000.\000\040\000F\000o\000o\000t\000n\000o\000t\000e\000s}{section.7}% 26
\BOOKMARK [2][-]{subsection.7.4}{\376\377\000.\000\040\000C\000r\000o\000s\000s\000-\000r\000e\000f\000e\000r\000e\000n\000c\000e\000s}{section.7}% 27
\BOOKMARK [2][-]{subsection.7.5}{\376\377\000.\000\040\000R\000e\000f\000e\000r\000e\000n\000c\000e\000s}{section.7}% 28
\BOOKMARK [2][-]{subsection.7.6}{\376\377\000.\000\040\000I\000l\000l\000u\000s\000t\000r\000a\000t\000i\000o\000n\000s\000,\000\040\000g\000r\000a\000p\000h\000s\000,\000\040\000a\000n\000d\000\040\000p\000h\000o\000t\000o\000g\000r\000a\000p\000h\000s}{section.7}% 29
\BOOKMARK [2][-]{subsection.7.7}{\376\377\000.\000\040\000C\000o\000l\000o\000r}{section.7}% 30
